<?xml version="1.0" encoding="UTF-8"?>
<testng-results ignored="0" total="1" passed="1" failed="0" skipped="0">
  <reporter-output>
  </reporter-output>
  <suite started-at="2025-01-30T10:15:20 IST" name="Default suite" finished-at="2025-01-30T10:15:42 IST" duration-ms="22657">
    <groups>
    </groups>
    <test started-at="2025-01-30T10:15:20 IST" name="Default test" finished-at="2025-01-30T10:15:42 IST" duration-ms="22657">
      <class name="instest.ins_test">
        <test-method is-config="true" signature="setup()[pri:0, instance:instest.ins_test@2f4948e4]" started-at="2025-01-30T10:15:20 IST" name="setup" finished-at="2025-01-30T10:15:21 IST" duration-ms="1585" status="PASS">
          <reporter-output>
          </reporter-output>
        </test-method> <!-- setup -->
        <test-method is-config="true" signature="openurl()[pri:0, instance:instest.ins_test@2f4948e4]" started-at="2025-01-30T10:15:21 IST" name="openurl" finished-at="2025-01-30T10:15:24 IST" duration-ms="2733" status="PASS">
          <reporter-output>
          </reporter-output>
        </test-method> <!-- openurl -->
        <test-method signature="testInsuranceForm()[pri:0, instance:instest.ins_test@2f4948e4]" started-at="2025-01-30T10:15:24 IST" name="testInsuranceForm" finished-at="2025-01-30T10:15:42 IST" duration-ms="18090" status="PASS">
          <reporter-output>
          </reporter-output>
        </test-method> <!-- testInsuranceForm -->
        <test-method is-config="true" signature="teardown()[pri:0, instance:instest.ins_test@2f4948e4]" started-at="2025-01-30T10:15:42 IST" name="teardown" finished-at="2025-01-30T10:15:42 IST" duration-ms="209" status="PASS">
          <reporter-output>
          </reporter-output>
        </test-method> <!-- teardown -->
      </class> <!-- instest.ins_test -->
    </test> <!-- Default test -->
  </suite> <!-- Default suite -->
</testng-results>
